-------------------------------------------------------------------------------
Test set: br.com.restassuredapitesting.tests.booking.tests.PutBookingTest
-------------------------------------------------------------------------------
Tests run: 1, Failures: 1, Errors: 0, Skipped: 0, Time elapsed: 0.384 s <<< FAILURE! - in br.com.restassuredapitesting.tests.booking.tests.PutBookingTest
validarAlterarUmaReservaUtilizandoToken(br.com.restassuredapitesting.tests.booking.tests.PutBookingTest)  Time elapsed: 0.378 s  <<< FAILURE!
java.lang.AssertionError: 
1 expectation failed.
Expected status code <400> but was <200>.

	at br.com.restassuredapitesting.tests.booking.tests.PutBookingTest.validarAlterarUmaReservaUtilizandoToken(PutBookingTest.java:34)

