<?xml version="1.0" encoding="UTF-8"?>
<testsuite xmlns:xsi="http://www.w3.org/2001/XMLSchema-instance" xsi:noNamespaceSchemaLocation="https://maven.apache.org/surefire/maven-surefire-plugin/xsd/surefire-test-report.xsd" name="br.com.restassuredapitesting.tests.booking.tests.GetBookingTest" time="17.825" tests="2" errors="0" skipped="0" failures="0">
  <properties>
[...]
</properties>
  <testcase name="validarIDsDasReservas" classname="br.com.restassuredapitesting.tests.booking.tests.GetBookingTest" time="10.108"/>
  <testcase name="garantirContratoListaReservas" classname="br.com.restassuredapitesting.tests.booking.tests.GetBookingTest" time="6.362"/>
</testsuite>